com.Magium.Magium/app/build/intermediates/manifest_merge_blame_file/debug/manifest-merger-blame-debug-report.txt
1<?xml version="1.0" encoding="utf-8"?>
2<!--
3 Replace com.test.game with the identifier of your game below, e.g.
4     com.gamemaker.game
5-->
6<manifest xmlns:android="http://schemas.android.com/apk/res/android"
7    package="com.Magium.Magium"
8    android:installLocation="auto"
9    android:versionCode="1"
10    android:versionName="1.0" >
11
12    <uses-sdk
13        android:minSdkVersion="19"
14        android:targetSdkVersion="34" />
15
16    <!-- OpenGL ES 2.0 -->
17    <uses-feature android:glEsVersion="0x00020000" />
17-->src\main\AndroidManifest.xml:11:5-54
17-->src\main\AndroidManifest.xml:11:19-51
18
19    <!-- Touchscreen support -->
20    <uses-feature
20-->src\main\AndroidManifest.xml:14:5-16:36
21        android:name="android.hardware.touchscreen"
21-->src\main\AndroidManifest.xml:15:9-52
22        android:required="false" />
22-->src\main\AndroidManifest.xml:16:9-33
23
24    <!-- Game controller support -->
25    <uses-feature
25-->src\main\AndroidManifest.xml:19:5-21:36
26        android:name="android.hardware.bluetooth"
26-->src\main\AndroidManifest.xml:20:9-50
27        android:required="false" />
27-->src\main\AndroidManifest.xml:21:9-33
28    <uses-feature
28-->src\main\AndroidManifest.xml:22:5-24:36
29        android:name="android.hardware.gamepad"
29-->src\main\AndroidManifest.xml:23:9-48
30        android:required="false" />
30-->src\main\AndroidManifest.xml:24:9-33
31    <uses-feature
31-->src\main\AndroidManifest.xml:25:5-27:36
32        android:name="android.hardware.usb.host"
32-->src\main\AndroidManifest.xml:26:9-49
33        android:required="false" />
33-->src\main\AndroidManifest.xml:27:9-33
34
35    <!-- External mouse input events -->
36    <uses-feature
36-->src\main\AndroidManifest.xml:30:5-32:36
37        android:name="android.hardware.type.pc"
37-->src\main\AndroidManifest.xml:31:9-48
38        android:required="false" />
38-->src\main\AndroidManifest.xml:32:9-33
39
40    <!-- Audio recording support -->
41    <!-- if you want to record audio, uncomment this. -->
42    <!--
43         <uses-feature
44        android:name="android.hardware.microphone"
45        android:required="false" />
46    -->
47
48
49    <!-- Camera support -->
50    <!-- if you want to record video, uncomment this. -->
51    <!--
52    <uses-permission android:name="android.permission.CAMERA" />
53    <uses-feature android:name="android.hardware.camera" />
54    -->
55
56
57    <!-- Allow downloading to the external storage on Android 5.1 and older -->
58    <!-- <uses-permission android:name="android.permission.WRITE_EXTERNAL_STORAGE" android:maxSdkVersion="22" /> -->
59
60
61    <!-- Allow access to Bluetooth devices -->
62    <!-- Currently this is just for Steam Controller support and requires setting SDL_HINT_JOYSTICK_HIDAPI_STEAM -->
63    <!-- <uses-permission android:name="android.permission.BLUETOOTH" android:maxSdkVersion="30" /> -->
64    <!-- <uses-permission android:name="android.permission.BLUETOOTH_CONNECT" /> -->
65
66
67    <!-- Allow access to the vibrator -->
68    <uses-permission android:name="android.permission.VIBRATE" />
68-->src\main\AndroidManifest.xml:56:5-66
68-->src\main\AndroidManifest.xml:56:22-63
69
70    <!-- if you want to record audio, uncomment this. -->
71    <!-- <uses-permission android:name="android.permission.RECORD_AUDIO" /> -->
72    <!--
73 Create a Java class extending SDLActivity and place it in a
74         directory under app/src/main/java matching the package, e.g. app/src/main/java/com/gamemaker/game/MyGame.java
75
76         then replace "SDLActivity" with the name of your class (e.g. "MyGame")
77         in the XML below.
78
79         An example Java class can be found in README-android.md
80    -->
81    <application
81-->src\main\AndroidManifest.xml:69:5-104:19
82        android:allowBackup="true"
82-->src\main\AndroidManifest.xml:71:9-35
83        android:debuggable="true"
84        android:extractNativeLibs="true"
85        android:hardwareAccelerated="true"
85-->src\main\AndroidManifest.xml:73:9-43
86        android:icon="@mipmap/ic_launcher"
86-->src\main\AndroidManifest.xml:70:9-43
87        android:label="@string/app_name"
87-->src\main\AndroidManifest.xml:69:18-50
88        android:theme="@style/AppTheme" >
88-->src\main\AndroidManifest.xml:72:9-40
89
90        <!--
91        Example of setting SDL hints from AndroidManifest.xml:
92        <meta-data android:name="SDL_ENV.SDL_ANDROID_TRAP_BACK_BUTTON" android:value="0"/>
93        -->
94
95        <activity
95-->src\main\AndroidManifest.xml:79:9-103:20
96            android:name="com.Magium.Magium.MagiumActivity"
96-->src\main\AndroidManifest.xml:79:19-48
97            android:alwaysRetainTaskState="true"
97-->src\main\AndroidManifest.xml:81:13-49
98            android:configChanges="layoutDirection|locale|orientation|uiMode|screenLayout|screenSize|smallestScreenSize|keyboard|keyboardHidden|navigation"
98-->src\main\AndroidManifest.xml:83:13-156
99            android:exported="true"
99-->src\main\AndroidManifest.xml:85:13-36
100            android:label="@string/app_name"
100-->src\main\AndroidManifest.xml:80:13-45
101            android:launchMode="singleInstance"
101-->src\main\AndroidManifest.xml:82:13-48
102            android:preferMinimalPostProcessing="true" >
102-->src\main\AndroidManifest.xml:84:13-55
103            <intent-filter>
103-->src\main\AndroidManifest.xml:87:13-90:29
104                <action android:name="android.intent.action.MAIN" />
104-->src\main\AndroidManifest.xml:88:17-69
104-->src\main\AndroidManifest.xml:88:25-66
105
106                <category android:name="android.intent.category.LAUNCHER" />
106-->src\main\AndroidManifest.xml:89:17-77
106-->src\main\AndroidManifest.xml:89:27-74
107            </intent-filter>
108            <!-- Let Android know that we can handle some USB devices and should receive this event -->
109            <intent-filter>
109-->src\main\AndroidManifest.xml:92:13-94:29
110                <action android:name="android.hardware.usb.action.USB_DEVICE_ATTACHED" />
110-->src\main\AndroidManifest.xml:93:17-90
110-->src\main\AndroidManifest.xml:93:25-87
111            </intent-filter>
112            <!-- Drop file event -->
113            <!--
114            <intent-filter>
115                <action android:name="android.intent.action.VIEW" />
116                <category android:name="android.intent.category.DEFAULT" />
117                <data android:mimeType="*/*" />
118            </intent-filter>
119            -->
120        </activity>
121    </application>
122
123</manifest>